[debug] [2022-09-20T00:25:34.090Z] ----------------------------------------------------------------------
[debug] [2022-09-20T00:25:34.093Z] Command:       /usr/local/Cellar/node/16.2.0/bin/node /usr/local/bin/firebase init
[debug] [2022-09-20T00:25:34.093Z] CLI Version:   9.11.0
[debug] [2022-09-20T00:25:34.093Z] Platform:      darwin
[debug] [2022-09-20T00:25:34.093Z] Node Version:  v16.2.0
[debug] [2022-09-20T00:25:34.101Z] Time:          Mon Sep 19 2022 18:25:34 GMT-0600 (Mexican Pacific Daylight Time)
[debug] [2022-09-20T00:25:34.101Z] ----------------------------------------------------------------------
[debug] 
[debug] [2022-09-20T00:25:34.104Z] >>> [apiv2][query] GET https://firebase-public.firebaseio.com/cli.json [none]
[debug] [2022-09-20T00:25:34.127Z] > command requires scopes: ["email","openid","https://www.googleapis.com/auth/cloudplatformprojects.readonly","https://www.googleapis.com/auth/firebase","https://www.googleapis.com/auth/cloud-platform"]
[debug] [2022-09-20T00:25:34.127Z] > authorizing via signed-in user (alexis@onel.media)
[info] 
     ######## #### ########  ######## ########     ###     ######  ########
     ##        ##  ##     ## ##       ##     ##  ##   ##  ##       ##
     ######    ##  ########  ######   ########  #########  ######  ######
     ##        ##  ##    ##  ##       ##     ## ##     ##       ## ##
     ##       #### ##     ## ######## ########  ##     ##  ######  ########

You're about to initialize a Firebase project in this directory:

  /Users/vaaceves/Dev/Github/glsnow-maintenance

[debug] [2022-09-20T00:25:34.358Z] <<< [apiv2][status] GET https://firebase-public.firebaseio.com/cli.json 200
[debug] [2022-09-20T00:25:34.358Z] <<< [apiv2][body] GET https://firebase-public.firebaseio.com/cli.json {"cloudBuildErrorAfter":1594252800000,"cloudBuildWarnAfter":1590019200000,"defaultNode10After":1594252800000,"minVersion":"3.0.5","node8DeploysDisabledAfter":1613390400000,"node8RuntimeDisabledAfter":1615809600000,"node8WarnAfter":1600128000000}
[info] 
=== Project Setup
[info] 
[info] First, let's associate this project directory with a Firebase project.
[info] You can create multiple project aliases by running firebase use --add, 
[info] but for now we'll just set up a default project.
[info] 
[debug] [2022-09-20T00:25:43.490Z] > refreshing access token with scopes: []
[debug] [2022-09-20T00:25:43.491Z] >>> HTTP REQUEST POST https://www.googleapis.com/oauth2/v3/token  
 <request body omitted>
[debug] [2022-09-20T00:25:43.691Z] <<< HTTP RESPONSE 200 {"date":"Tue, 20 Sep 2022 00:25:43 GMT","cache-control":"no-cache, no-store, max-age=0, must-revalidate","pragma":"no-cache","expires":"Mon, 01 Jan 1990 00:00:00 GMT","content-type":"application/json; charset=utf-8","vary":"X-Origin, Referer, Origin,Accept-Encoding","server":"scaffolding on HTTPServer2","x-xss-protection":"0","x-frame-options":"SAMEORIGIN","x-content-type-options":"nosniff","alt-svc":"h3=\":443\"; ma=2592000,h3-29=\":443\"; ma=2592000,h3-Q050=\":443\"; ma=2592000,h3-Q046=\":443\"; ma=2592000,h3-Q043=\":443\"; ma=2592000,quic=\":443\"; ma=2592000; v=\"46,43\"","accept-ranges":"none","transfer-encoding":"chunked"}
[debug] [2022-09-20T00:25:43.749Z] >>> [apiv2][query] GET https://firebase.googleapis.com/v1beta1/projects pageSize=100
[debug] [2022-09-20T00:25:44.339Z] <<< [apiv2][status] GET https://firebase.googleapis.com/v1beta1/projects 200
[debug] [2022-09-20T00:25:44.339Z] <<< [apiv2][body] GET https://firebase.googleapis.com/v1beta1/projects [omitted]
[info] i  Using project glsnow-c9303 (GLSNow) 
[info] 
=== Hosting Setup
[info] 
[info] Your public directory is the folder (relative to your project directory) that
[info] will contain Hosting assets to be uploaded with firebase deploy. If you
[info] have a build process for your assets, use your build's output directory.
[info] 
[debug] [2022-09-20T00:26:01.554Z] >>> [apiv2][query] GET https://www.gstatic.com/firebasejs/releases.json [none]
[debug] [2022-09-20T00:26:01.711Z] <<< [apiv2][status] GET https://www.gstatic.com/firebasejs/releases.json 200
[debug] [2022-09-20T00:26:01.711Z] <<< [apiv2][body] GET https://www.gstatic.com/firebasejs/releases.json {"current":{"version":"9.10.0","browserURL":"https://www.gstatic.com/firebasejs/9.10.0/firebase.js","packageURL":"https://www.gstatic.com/firebasejs/9.10.0/firebase.tgz"},"live":{"version":"9.10","browserURL":"https://www.gstatic.com/firebasejs/live/9.10/firebase.js","packageURL":"https://www.gstatic.com/firebasejs/live/9.10/firebase.tgz"},"components":{"analytics":"https://www.gstatic.com/firebasejs/9.10.0/firebase-analytics.js","app":"https://www.gstatic.com/firebasejs/9.10.0/firebase-app.js","app-check":"https://www.gstatic.com/firebasejs/9.10.0/firebase-app-check.js","auth":"https://www.gstatic.com/firebasejs/9.10.0/firebase-auth.js","auth/cordova":"https://www.gstatic.com/firebasejs/9.10.0/firebase-auth/cordova.js","auth/react-native":"https://www.gstatic.com/firebasejs/9.10.0/firebase-auth/react-native.js","functions":"https://www.gstatic.com/firebasejs/9.10.0/firebase-functions.js","firestore":"https://www.gstatic.com/firebasejs/9.10.0/firebase-firestore.js","firestore/lite":"https://www.gstatic.com/firebasejs/9.10.0/firebase-firestore/lite.js","installations":"https://www.gstatic.com/firebasejs/9.10.0/firebase-installations.js","storage":"https://www.gstatic.com/firebasejs/9.10.0/firebase-storage.js","performance":"https://www.gstatic.com/firebasejs/9.10.0/firebase-performance.js","remote-config":"https://www.gstatic.com/firebasejs/9.10.0/firebase-remote-config.js","messaging":"https://www.gstatic.com/firebasejs/9.10.0/firebase-messaging.js","messaging/sw":"https://www.gstatic.com/firebasejs/9.10.0/firebase-messaging/sw.js","database":"https://www.gstatic.com/firebasejs/9.10.0/firebase-database.js","firestore.memory":"https://www.gstatic.com/firebasejs/9.10.0/firebase-firestore.memory.js"}}
[info] âœ”  Wrote y/index.html 
[info] 
[info] i  Didn't detect a .git folder. Assuming /Users/vaaceves/Dev/Github/glsnow-maintenance is the project root. 
[info] i  Authorizing with GitHub to upload your service account to a GitHub repository's secrets store. 
[info] 
[info] Visit this URL on this device to log in:
[info] https://github.com/login/oauth/authorize?client_id=89cf50f02ac6aaed3484&state=1055145290&redirect_uri=http%3A%2F%2Flocalhost%3A9005&scope=read%3Auser%20repo%20public_repo
[info] 
[info] Waiting for authentication...
[debug] [2022-09-20T00:26:27.165Z] >>> HTTP REQUEST POST https://github.com/login/oauth/access_token  
 {"client_id":"89cf50f02ac6aaed3484","client_secret":"3330d14abc895d9a74d5f17cd7a00711fa2c5bf0","code":"aade6595716a26720cac","redirect_uri":"http://localhost:9005","state":"1055145290"}
[debug] [2022-09-20T00:26:27.580Z] <<< HTTP RESPONSE 200 {"server":"GitHub.com","date":"Tue, 20 Sep 2022 00:26:27 GMT","content-type":"application/json; charset=utf-8","transfer-encoding":"chunked","vary":"X-PJAX, X-PJAX-Container, Turbo-Visit, Turbo-Frame, Accept-Encoding, Accept, X-Requested-With","etag":"W/\"1081f8f2b1502c779d894efeec6368cc\"","cache-control":"max-age=0, private, must-revalidate","strict-transport-security":"max-age=31536000; includeSubdomains; preload","x-frame-options":"deny","x-content-type-options":"nosniff","x-xss-protection":"0","referrer-policy":"origin-when-cross-origin, strict-origin-when-cross-origin","expect-ct":"max-age=2592000, report-uri=\"https://api.github.com/_private/browser/errors\"","content-security-policy":"default-src 'none'; base-uri 'self'; block-all-mixed-content; child-src github.com/assets-cdn/worker/ gist.github.com/assets-cdn/worker/; connect-src 'self' uploads.github.com objects-origin.githubusercontent.com www.githubstatus.com collector.github.com raw.githubusercontent.com api.github.com github-cloud.s3.amazonaws.com github-production-repository-file-5c1aeb.s3.amazonaws.com github-production-upload-manifest-file-7fdce7.s3.amazonaws.com github-production-user-asset-6210df.s3.amazonaws.com cdn.optimizely.com logx.optimizely.com/v1/events *.actions.githubusercontent.com wss://*.actions.githubusercontent.com online.visualstudio.com/api/v1/locations github-production-repository-image-32fea6.s3.amazonaws.com github-production-release-asset-2e65be.s3.amazonaws.com insights.github.com wss://alive.github.com; font-src github.githubassets.com; form-action 'self' github.com gist.github.com objects-origin.githubusercontent.com; frame-ancestors 'none'; frame-src render.githubusercontent.com viewscreen.githubusercontent.com notebooks.githubusercontent.com; img-src 'self' data: github.githubassets.com identicons.github.com github-cloud.s3.amazonaws.com secured-user-images.githubusercontent.com/ github-production-user-asset-6210df.s3.amazonaws.com customer-stories-feed.github.com spotlights-feed.github.com *.githubusercontent.com; manifest-src 'self'; media-src github.com user-images.githubusercontent.com/ secured-user-images.githubusercontent.com/; script-src github.githubassets.com; style-src 'unsafe-inline' github.githubassets.com; worker-src github.com/assets-cdn/worker/ gist.github.com/assets-cdn/worker/","x-github-request-id":"E2E6:4829:478BFA9:6717520:632908B3"}
[debug] [2022-09-20T00:26:27.587Z] >>> [apiv2][query] GET https://api.github.com/user [none]
[debug] [2022-09-20T00:26:28.069Z] <<< [apiv2][status] GET https://api.github.com/user 200
[debug] [2022-09-20T00:26:28.069Z] <<< [apiv2][body] GET https://api.github.com/user {"login":"vaaceves","id":10820965,"node_id":"MDQ6VXNlcjEwODIwOTY1","avatar_url":"https://avatars.githubusercontent.com/u/10820965?v=4","gravatar_id":"","url":"https://api.github.com/users/vaaceves","html_url":"https://github.com/vaaceves","followers_url":"https://api.github.com/users/vaaceves/followers","following_url":"https://api.github.com/users/vaaceves/following{/other_user}","gists_url":"https://api.github.com/users/vaaceves/gists{/gist_id}","starred_url":"https://api.github.com/users/vaaceves/starred{/owner}{/repo}","subscriptions_url":"https://api.github.com/users/vaaceves/subscriptions","organizations_url":"https://api.github.com/users/vaaceves/orgs","repos_url":"https://api.github.com/users/vaaceves/repos","events_url":"https://api.github.com/users/vaaceves/events{/privacy}","received_events_url":"https://api.github.com/users/vaaceves/received_events","type":"User","site_admin":false,"name":"Alexis Aceves","company":"Onel Media","blog":"http://onel.media","location":"Mexico City","email":"alexis@onel.media","hireable":true,"bio":"Solutions Architect Associate, Developer, Music & food Lover, Tech Enthusiast, Traveler, Marveled by the Ancient, Amazed by the new. Proud Mexican ðŸ¢","twitter_username":"vaaceves","public_repos":90,"public_gists":2,"followers":6,"following":10,"created_at":"2015-02-03T01:00:32Z","updated_at":"2022-08-23T17:53:34Z","private_gists":0,"total_private_repos":40,"owned_private_repos":40,"disk_usage":2983497,"collaborators":5,"two_factor_authentication":false,"plan":{"name":"pro","space":976562499,"collaborators":0,"private_repos":9999}}
[info] 
[info] âœ”  Success! Logged into GitHub as vaaceves 
[info] 
[debug] [2022-09-20T00:26:43.476Z] >>> [apiv2][query] GET https://api.github.com/repos/n/actions/secrets/public-key type=owner
[debug] [2022-09-20T00:26:43.869Z] <<< [apiv2][status] GET https://api.github.com/repos/n/actions/secrets/public-key 404
[debug] [2022-09-20T00:26:43.869Z] <<< [apiv2][body] GET https://api.github.com/repos/n/actions/secrets/public-key {"message":"Not Found","documentation_url":"https://docs.github.com/rest"}
[debug] [2022-09-20T00:26:45.004Z] >>> [apiv2][query] GET https://api.github.com/repos//actions/secrets/public-key type=owner
[debug] [2022-09-20T00:26:45.392Z] <<< [apiv2][status] GET https://api.github.com/repos//actions/secrets/public-key 404
[debug] [2022-09-20T00:26:45.392Z] <<< [apiv2][body] GET https://api.github.com/repos//actions/secrets/public-key {"message":"Not Found","documentation_url":"https://docs.github.com/rest"}
[debug] [2022-09-20T00:26:48.324Z] >>> [apiv2][query] GET https://api.github.com/repos/y/actions/secrets/public-key type=owner
[debug] [2022-09-20T00:26:48.705Z] <<< [apiv2][status] GET https://api.github.com/repos/y/actions/secrets/public-key 404
[debug] [2022-09-20T00:26:48.705Z] <<< [apiv2][body] GET https://api.github.com/repos/y/actions/secrets/public-key {"message":"Not Found","documentation_url":"https://docs.github.com/rest"}
[debug] [2022-09-20T00:27:03.206Z] >>> [apiv2][query] GET https://api.github.com/repos/glsnow/actions/secrets/public-key type=owner
[debug] [2022-09-20T00:27:03.612Z] <<< [apiv2][status] GET https://api.github.com/repos/glsnow/actions/secrets/public-key 404
[debug] [2022-09-20T00:27:03.612Z] <<< [apiv2][body] GET https://api.github.com/repos/glsnow/actions/secrets/public-key {"message":"Not Found","documentation_url":"https://docs.github.com/rest"}
